Start testing: Dec 22 14:30 CST
----------------------------------------------------------
1/5 Testing: Runs
1/5 Test: Runs
Command: "/root/cmake_tutorials/step4/build/Tutorial" "25"
Directory: /root/cmake_tutorials/step4/build
"Runs" start time: Dec 22 14:30 CST
Output:
----------------------------------------------------------
Mysqrt: The square root of 25 is 5
<end of output>
Test time =   0.00 sec
----------------------------------------------------------
Test Passed.
"Runs" end time: Dec 22 14:30 CST
"Runs" time elapsed: 00:00:00
----------------------------------------------------------

2/5 Testing: Usage
2/5 Test: Usage
Command: "/root/cmake_tutorials/step4/build/Tutorial"
Directory: /root/cmake_tutorials/step4/build
"Usage" start time: Dec 22 14:30 CST
Output:
----------------------------------------------------------
/root/cmake_tutorials/step4/build/Tutorial Version 1.0
Usage: /root/cmake_tutorials/step4/build/Tutorial number
<end of output>
Test time =   0.00 sec
----------------------------------------------------------
Test Pass Reason:
Required regular expression found.Regex=[Usage:.*number
]
"Usage" end time: Dec 22 14:30 CST
"Usage" time elapsed: 00:00:00
----------------------------------------------------------

3/5 Testing: Comp25
3/5 Test: Comp25
Command: "/root/cmake_tutorials/step4/build/Tutorial" "25"
Directory: /root/cmake_tutorials/step4/build
"Comp25" start time: Dec 22 14:30 CST
Output:
----------------------------------------------------------
Mysqrt: The square root of 25 is 5
<end of output>
Test time =   0.00 sec
----------------------------------------------------------
Test Pass Reason:
Required regular expression found.Regex=[25 is 5
]
"Comp25" end time: Dec 22 14:30 CST
"Comp25" time elapsed: 00:00:00
----------------------------------------------------------

4/5 Testing: Comp-25
4/5 Test: Comp-25
Command: "/root/cmake_tutorials/step4/build/Tutorial" "-25"
Directory: /root/cmake_tutorials/step4/build
"Comp-25" start time: Dec 22 14:30 CST
Output:
----------------------------------------------------------
Mysqrt: The square root of -25 is 0
<end of output>
Test time =   0.00 sec
----------------------------------------------------------
Test Pass Reason:
Required regular expression found.Regex=[-25 is [-nan|nan|0]
]
"Comp-25" end time: Dec 22 14:30 CST
"Comp-25" time elapsed: 00:00:00
----------------------------------------------------------

5/5 Testing: Comp0.0001
5/5 Test: Comp0.0001
Command: "/root/cmake_tutorials/step4/build/Tutorial" "0.0001"
Directory: /root/cmake_tutorials/step4/build
"Comp0.0001" start time: Dec 22 14:30 CST
Output:
----------------------------------------------------------
Mysqrt: The square root of 0.0001 is 0.01
<end of output>
Test time =   0.00 sec
----------------------------------------------------------
Test Pass Reason:
Required regular expression found.Regex=[0.0001 is 0.01
]
"Comp0.0001" end time: Dec 22 14:30 CST
"Comp0.0001" time elapsed: 00:00:00
----------------------------------------------------------

End testing: Dec 22 14:30 CST
